<?xml version="1.0" encoding="UTF-8"?>
<!-- Generated by org.testng.reporters.JUnitXMLReporter -->
<testsuite ignored="8" hostname="Ezeiatech" failures="0" tests="7" name="Test" time="80.526" errors="0" timestamp="2025-07-09T12:56:35 IST">
  <testcase classname="Tests.LoginTest" name="InvalidEmail" time="5.081"/>
  <testcase classname="Tests.LoginTest" name="InvalidPass" time="8.163"/>
  <testcase classname="Tests.LoginTest" name="Login" time="4.067"/>
  <testcase classname="Tests.ProfileTest" name="Profile" time="6.764"/>
  <testcase classname="Tests.ChangePassTest" name="ChangePass" time="27.009"/>
  <testcase classname="Tests.LogoutTest" name="Logout" time="7.667"/>
  <testcase classname="Tests.ForgotTest" name="forgotPass" time="21.668"/>
  <testcase classname="Tests.BasicServer" name="@AfterSuite tearDown" time="0.0">
    <ignored/>
  </testcase> <!-- @AfterSuite tearDown -->
  <testcase classname="Tests.BasicServer" name="@BeforeSuite ConfigAppium" time="0.0">
    <ignored/>
  </testcase> <!-- @BeforeSuite ConfigAppium -->
  <testcase classname="Tests.BasicServer" name="@BeforeSuite ConfigAppium" time="0.0">
    <ignored/>
  </testcase> <!-- @BeforeSuite ConfigAppium -->
  <testcase classname="Tests.BasicServer" name="@AfterSuite tearDown" time="0.0">
    <ignored/>
  </testcase> <!-- @AfterSuite tearDown -->
  <testcase classname="Tests.BasicServer" name="@BeforeSuite ConfigAppium" time="0.0">
    <ignored/>
  </testcase> <!-- @BeforeSuite ConfigAppium -->
  <testcase classname="Tests.BasicServer" name="@AfterSuite tearDown" time="0.0">
    <ignored/>
  </testcase> <!-- @AfterSuite tearDown -->
  <testcase classname="Tests.BasicServer" name="@BeforeSuite ConfigAppium" time="0.0">
    <ignored/>
  </testcase> <!-- @BeforeSuite ConfigAppium -->
  <testcase classname="Tests.BasicServer" name="@AfterSuite tearDown" time="0.0">
    <ignored/>
  </testcase> <!-- @AfterSuite tearDown -->
</testsuite> <!-- Test -->
