<?xml version="1.0" encoding="UTF-8"?>
<!-- Generated by org.testng.reporters.JUnitXMLReporter -->
<testsuite ignored="4" hostname="Ezeiatech" failures="0" tests="5" name="Test" time="58.291" errors="0" timestamp="2025-07-07T15:44:03 IST">
  <testcase classname="Tests.LoginTest" name="InvalidEmail" time="5.056"/>
  <testcase classname="Tests.LoginTest" name="InvalidPass" time="8.729"/>
  <testcase classname="Tests.LoginTest" name="Login" time="3.213"/>
  <testcase classname="Tests.LogoutTest" name="Logout" time="8.916"/>
  <testcase classname="Tests.ForgotTest" name="forgotPass" time="32.296"/>
  <testcase classname="Tests.BasicServer" name="@BeforeSuite ConfigAppium" time="0.0">
    <ignored/>
  </testcase> <!-- @BeforeSuite ConfigAppium -->
  <testcase classname="Tests.BasicServer" name="@AfterSuite tearDown" time="0.0">
    <ignored/>
  </testcase> <!-- @AfterSuite tearDown -->
  <testcase classname="Tests.BasicServer" name="@AfterSuite tearDown" time="0.0">
    <ignored/>
  </testcase> <!-- @AfterSuite tearDown -->
  <testcase classname="Tests.BasicServer" name="@BeforeSuite ConfigAppium" time="0.0">
    <ignored/>
  </testcase> <!-- @BeforeSuite ConfigAppium -->
</testsuite> <!-- Test -->
