<?xml version="1.0" encoding="UTF-8"?>
<testng-results ignored="0" total="5" passed="5" failed="0" skipped="0">
  <reporter-output>
  </reporter-output>
  <suite started-at="2025-07-07T15:43:04 IST" name="Suite" finished-at="2025-07-07T15:44:03 IST" duration-ms="58291">
    <groups>
    </groups>
    <test started-at="2025-07-07T15:43:04 IST" name="Test" finished-at="2025-07-07T15:44:03 IST" duration-ms="58291">
      <class name="Tests.ForgotTest">
        <test-method signature="forgotPass()[pri:0, instance:Tests.ForgotTest@6989da5e]" started-at="2025-07-07T15:43:30 IST" name="forgotPass" finished-at="2025-07-07T15:44:03 IST" duration-ms="32296" status="PASS">
          <reporter-output>
          </reporter-output>
        </test-method> <!-- forgotPass -->
      </class> <!-- Tests.ForgotTest -->
      <class name="Tests.LogoutTest">
        <test-method signature="Logout()[pri:0, instance:Tests.LogoutTest@5aa9e4eb]" started-at="2025-07-07T15:43:22 IST" name="Logout" finished-at="2025-07-07T15:43:30 IST" duration-ms="8916" status="PASS">
          <reporter-output>
          </reporter-output>
        </test-method> <!-- Logout -->
      </class> <!-- Tests.LogoutTest -->
      <class name="Tests.LoginTest">
        <test-method is-config="true" signature="ConfigAppium()[pri:0, instance:Tests.LoginTest@dd05255]" started-at="2025-07-07T15:42:49 IST" name="ConfigAppium" finished-at="2025-07-07T15:43:04 IST" duration-ms="15637" status="PASS">
          <reporter-output>
          </reporter-output>
        </test-method> <!-- ConfigAppium -->
        <test-method signature="InvalidEmail()[pri:0, instance:Tests.LoginTest@dd05255]" started-at="2025-07-07T15:43:05 IST" name="InvalidEmail" finished-at="2025-07-07T15:43:10 IST" duration-ms="5056" status="PASS">
          <reporter-output>
          </reporter-output>
        </test-method> <!-- InvalidEmail -->
        <test-method signature="InvalidPass()[pri:0, instance:Tests.LoginTest@dd05255]" started-at="2025-07-07T15:43:10 IST" name="InvalidPass" finished-at="2025-07-07T15:43:18 IST" duration-ms="8729" status="PASS">
          <reporter-output>
          </reporter-output>
        </test-method> <!-- InvalidPass -->
        <test-method signature="Login()[pri:0, instance:Tests.LoginTest@dd05255]" started-at="2025-07-07T15:43:18 IST" name="Login" finished-at="2025-07-07T15:43:22 IST" duration-ms="3213" status="PASS">
          <reporter-output>
          </reporter-output>
        </test-method> <!-- Login -->
        <test-method is-config="true" signature="tearDown()[pri:0, instance:Tests.LoginTest@dd05255]" started-at="2025-07-07T15:44:03 IST" name="tearDown" finished-at="2025-07-07T15:44:03 IST" duration-ms="1" status="PASS">
          <reporter-output>
          </reporter-output>
        </test-method> <!-- tearDown -->
      </class> <!-- Tests.LoginTest -->
    </test> <!-- Test -->
  </suite> <!-- Suite -->
</testng-results>
