<?xml version="1.0" encoding="UTF-8"?>
<testng-results ignored="0" total="2" passed="2" failed="0" skipped="0">
  <reporter-output>
  </reporter-output>
  <suite started-at="2025-07-02T17:41:19 IST" name="Suite" finished-at="2025-07-02T17:41:44 IST" duration-ms="25070">
    <groups>
    </groups>
    <test started-at="2025-07-02T17:41:19 IST" name="Test" finished-at="2025-07-02T17:41:44 IST" duration-ms="25070">
      <class name="Tests.LoginTest">
        <test-method is-config="true" signature="ConfigAppium()[pri:0, instance:Tests.LoginTest@6150c3ec]" started-at="2025-07-02T17:41:19 IST" name="ConfigAppium" finished-at="2025-07-02T17:41:32 IST" duration-ms="12869" status="PASS">
          <reporter-output>
          </reporter-output>
        </test-method> <!-- ConfigAppium -->
        <test-method signature="InvalidEmail()[pri:0, instance:Tests.LoginTest@6150c3ec]" started-at="2025-07-02T17:41:32 IST" name="InvalidEmail" finished-at="2025-07-02T17:41:36 IST" duration-ms="4636" status="PASS">
          <reporter-output>
          </reporter-output>
        </test-method> <!-- InvalidEmail -->
        <test-method signature="InvalidPass()[pri:0, instance:Tests.LoginTest@6150c3ec]" started-at="2025-07-02T17:41:36 IST" name="InvalidPass" finished-at="2025-07-02T17:41:44 IST" duration-ms="7501" status="PASS">
          <reporter-output>
          </reporter-output>
        </test-method> <!-- InvalidPass -->
        <test-method is-config="true" signature="tearDown()[pri:0, instance:Tests.LoginTest@6150c3ec]" started-at="2025-07-02T17:41:44 IST" name="tearDown" finished-at="2025-07-02T17:41:44 IST" duration-ms="2" status="PASS">
          <reporter-output>
          </reporter-output>
        </test-method> <!-- tearDown -->
      </class> <!-- Tests.LoginTest -->
    </test> <!-- Test -->
  </suite> <!-- Suite -->
</testng-results>
